running egg_info
creating ../build/motor_driver/motor_driver.egg-info
writing ../build/motor_driver/motor_driver.egg-info/PKG-INFO
writing dependency_links to ../build/motor_driver/motor_driver.egg-info/dependency_links.txt
writing entry points to ../build/motor_driver/motor_driver.egg-info/entry_points.txt
writing requirements to ../build/motor_driver/motor_driver.egg-info/requires.txt
writing top-level names to ../build/motor_driver/motor_driver.egg-info/top_level.txt
writing manifest file '../build/motor_driver/motor_driver.egg-info/SOURCES.txt'
reading manifest file '../build/motor_driver/motor_driver.egg-info/SOURCES.txt'
writing manifest file '../build/motor_driver/motor_driver.egg-info/SOURCES.txt'
running build
running build_py
creating /home/gtpc1/asv_thruster_test/build/motor_driver/build
creating /home/gtpc1/asv_thruster_test/build/motor_driver/build/lib
creating /home/gtpc1/asv_thruster_test/build/motor_driver/build/lib/motor_driver
copying motor_driver/__init__.py -> /home/gtpc1/asv_thruster_test/build/motor_driver/build/lib/motor_driver
running install
running install_lib
creating /home/gtpc1/asv_thruster_test/install/motor_driver/lib/python3.10/site-packages/motor_driver
copying /home/gtpc1/asv_thruster_test/build/motor_driver/build/lib/motor_driver/__init__.py -> /home/gtpc1/asv_thruster_test/install/motor_driver/lib/python3.10/site-packages/motor_driver
byte-compiling /home/gtpc1/asv_thruster_test/install/motor_driver/lib/python3.10/site-packages/motor_driver/__init__.py to __init__.cpython-310.pyc
running install_data
creating /home/gtpc1/asv_thruster_test/install/motor_driver/share/ament_index
creating /home/gtpc1/asv_thruster_test/install/motor_driver/share/ament_index/resource_index
creating /home/gtpc1/asv_thruster_test/install/motor_driver/share/ament_index/resource_index/packages
copying resource/motor_driver -> /home/gtpc1/asv_thruster_test/install/motor_driver/share/ament_index/resource_index/packages
copying package.xml -> /home/gtpc1/asv_thruster_test/install/motor_driver/share/motor_driver
running install_egg_info
Copying ../build/motor_driver/motor_driver.egg-info to /home/gtpc1/asv_thruster_test/install/motor_driver/lib/python3.10/site-packages/motor_driver-0.0.1-py3.10.egg-info
running install_scripts
Installing motor_driver_node script to /home/gtpc1/asv_thruster_test/install/motor_driver/lib/motor_driver
writing list of installed files to '/home/gtpc1/asv_thruster_test/build/motor_driver/install.log'
