[0.633s] Invoking command in '/home/gtpc1/asv_thruster_test/motor_driver': PYTHONPATH=/home/gtpc1/asv_thruster_test/build/motor_driver/prefix_override:/usr/lib/python3/dist-packages/colcon_core/task/python/colcon_distutils_commands:/home/gtpc1/asv_thruster_test/install/motor_driver/lib/python3.10/site-packages:${PYTHONPATH} /usr/bin/python3 -W ignore:setup.py install is deprecated -W ignore:easy_install command is deprecated setup.py egg_info --egg-base ../build/motor_driver build --build-base /home/gtpc1/asv_thruster_test/build/motor_driver/build install --record /home/gtpc1/asv_thruster_test/build/motor_driver/install.log --single-version-externally-managed install_data
[0.783s] running egg_info
[0.783s] creating ../build/motor_driver/motor_driver.egg-info
[0.783s] writing ../build/motor_driver/motor_driver.egg-info/PKG-INFO
[0.783s] writing dependency_links to ../build/motor_driver/motor_driver.egg-info/dependency_links.txt
[0.783s] writing entry points to ../build/motor_driver/motor_driver.egg-info/entry_points.txt
[0.783s] writing requirements to ../build/motor_driver/motor_driver.egg-info/requires.txt
[0.783s] writing top-level names to ../build/motor_driver/motor_driver.egg-info/top_level.txt
[0.783s] writing manifest file '../build/motor_driver/motor_driver.egg-info/SOURCES.txt'
[0.784s] reading manifest file '../build/motor_driver/motor_driver.egg-info/SOURCES.txt'
[0.785s] writing manifest file '../build/motor_driver/motor_driver.egg-info/SOURCES.txt'
[0.785s] running build
[0.785s] running build_py
[0.785s] creating /home/gtpc1/asv_thruster_test/build/motor_driver/build
[0.785s] creating /home/gtpc1/asv_thruster_test/build/motor_driver/build/lib
[0.785s] creating /home/gtpc1/asv_thruster_test/build/motor_driver/build/lib/motor_driver
[0.785s] copying motor_driver/__init__.py -> /home/gtpc1/asv_thruster_test/build/motor_driver/build/lib/motor_driver
[0.785s] running install
[0.785s] running install_lib
[0.785s] creating /home/gtpc1/asv_thruster_test/install/motor_driver/lib/python3.10/site-packages/motor_driver
[0.786s] copying /home/gtpc1/asv_thruster_test/build/motor_driver/build/lib/motor_driver/__init__.py -> /home/gtpc1/asv_thruster_test/install/motor_driver/lib/python3.10/site-packages/motor_driver
[0.786s] byte-compiling /home/gtpc1/asv_thruster_test/install/motor_driver/lib/python3.10/site-packages/motor_driver/__init__.py to __init__.cpython-310.pyc
[0.786s] running install_data
[0.786s] creating /home/gtpc1/asv_thruster_test/install/motor_driver/share/ament_index
[0.786s] creating /home/gtpc1/asv_thruster_test/install/motor_driver/share/ament_index/resource_index
[0.786s] creating /home/gtpc1/asv_thruster_test/install/motor_driver/share/ament_index/resource_index/packages
[0.786s] copying resource/motor_driver -> /home/gtpc1/asv_thruster_test/install/motor_driver/share/ament_index/resource_index/packages
[0.786s] copying package.xml -> /home/gtpc1/asv_thruster_test/install/motor_driver/share/motor_driver
[0.787s] running install_egg_info
[0.787s] Copying ../build/motor_driver/motor_driver.egg-info to /home/gtpc1/asv_thruster_test/install/motor_driver/lib/python3.10/site-packages/motor_driver-0.0.1-py3.10.egg-info
[0.788s] running install_scripts
[0.802s] Installing motor_driver_node script to /home/gtpc1/asv_thruster_test/install/motor_driver/lib/motor_driver
[0.802s] writing list of installed files to '/home/gtpc1/asv_thruster_test/build/motor_driver/install.log'
[0.821s] Invoked command in '/home/gtpc1/asv_thruster_test/motor_driver' returned '0': PYTHONPATH=/home/gtpc1/asv_thruster_test/build/motor_driver/prefix_override:/usr/lib/python3/dist-packages/colcon_core/task/python/colcon_distutils_commands:/home/gtpc1/asv_thruster_test/install/motor_driver/lib/python3.10/site-packages:${PYTHONPATH} /usr/bin/python3 -W ignore:setup.py install is deprecated -W ignore:easy_install command is deprecated setup.py egg_info --egg-base ../build/motor_driver build --build-base /home/gtpc1/asv_thruster_test/build/motor_driver/build install --record /home/gtpc1/asv_thruster_test/build/motor_driver/install.log --single-version-externally-managed install_data
