[0.081s] DEBUG:colcon:Command line arguments: ['/usr/bin/colcon', 'build']
[0.082s] DEBUG:colcon:Parsed command line arguments: Namespace(log_base=None, log_level=None, verb_name='build', build_base='build', install_base='install', merge_install=False, symlink_install=False, test_result_base=None, continue_on_error=False, executor='parallel', parallel_workers=12, event_handlers=None, ignore_user_meta=False, metas=['./colcon.meta'], base_paths=['.'], packages_ignore=None, packages_ignore_regex=None, paths=None, packages_up_to=None, packages_up_to_regex=None, packages_above=None, packages_above_and_dependencies=None, packages_above_depth=None, packages_select_by_dep=None, packages_skip_by_dep=None, packages_skip_up_to=None, packages_select_build_failed=False, packages_skip_build_finished=False, packages_select_test_failures=False, packages_skip_test_passed=False, packages_select=None, packages_skip=None, packages_select_regex=None, packages_skip_regex=None, packages_start=None, packages_end=None, allow_overriding=[], cmake_args=None, cmake_target=None, cmake_target_skip_unavailable=False, cmake_clean_cache=False, cmake_clean_first=False, cmake_force_configure=False, ament_cmake_args=None, catkin_cmake_args=None, catkin_skip_building_tests=False, mixin_files=None, mixin=None, verb_parser=<colcon_mixin.mixin.mixin_argument.MixinArgumentDecorator object at 0x7490892a0a90>, verb_extension=<colcon_core.verb.build.BuildVerb object at 0x7490892a0460>, main=<bound method BuildVerb.main of <colcon_core.verb.build.BuildVerb object at 0x7490892a0460>>, mixin_verb=('build',))
[0.233s] Level 1:colcon.colcon_core.package_discovery:discover_packages(colcon_meta) check parameters
[0.233s] Level 1:colcon.colcon_core.package_discovery:discover_packages(recursive) check parameters
[0.233s] Level 1:colcon.colcon_core.package_discovery:discover_packages(ignore) check parameters
[0.233s] Level 1:colcon.colcon_core.package_discovery:discover_packages(path) check parameters
[0.233s] Level 1:colcon.colcon_core.package_discovery:discover_packages(colcon_meta) discover
[0.233s] Level 1:colcon.colcon_core.package_discovery:discover_packages(recursive) discover
[0.233s] INFO:colcon.colcon_core.package_discovery:Crawling recursively for packages in '/home/gtpc1/asv_thruster_test'
[0.233s] Level 1:colcon.colcon_core.package_identification:_identify(.) by extensions ['ignore', 'ignore_ament_install']
[0.233s] Level 1:colcon.colcon_core.package_identification:_identify(.) by extension 'ignore'
[0.233s] Level 1:colcon.colcon_core.package_identification:_identify(.) by extension 'ignore_ament_install'
[0.233s] Level 1:colcon.colcon_core.package_identification:_identify(.) by extensions ['colcon_pkg']
[0.233s] Level 1:colcon.colcon_core.package_identification:_identify(.) by extension 'colcon_pkg'
[0.233s] Level 1:colcon.colcon_core.package_identification:_identify(.) by extensions ['colcon_meta']
[0.233s] Level 1:colcon.colcon_core.package_identification:_identify(.) by extension 'colcon_meta'
[0.233s] Level 1:colcon.colcon_core.package_identification:_identify(.) by extensions ['ros']
[0.233s] Level 1:colcon.colcon_core.package_identification:_identify(.) by extension 'ros'
[0.240s] Level 1:colcon.colcon_core.package_identification:_identify(.) by extensions ['cmake', 'python']
[0.240s] Level 1:colcon.colcon_core.package_identification:_identify(.) by extension 'cmake'
[0.240s] Level 1:colcon.colcon_core.package_identification:_identify(.) by extension 'python'
[0.240s] Level 1:colcon.colcon_core.package_identification:_identify(.) by extensions ['python_setup_py']
[0.240s] Level 1:colcon.colcon_core.package_identification:_identify(.) by extension 'python_setup_py'
[0.241s] Level 1:colcon.colcon_core.package_identification:_identify(build) by extensions ['ignore', 'ignore_ament_install']
[0.241s] Level 1:colcon.colcon_core.package_identification:_identify(build) by extension 'ignore'
[0.241s] Level 1:colcon.colcon_core.package_identification:_identify(build) ignored
[0.241s] Level 1:colcon.colcon_core.package_identification:_identify(install) by extensions ['ignore', 'ignore_ament_install']
[0.241s] Level 1:colcon.colcon_core.package_identification:_identify(install) by extension 'ignore'
[0.241s] Level 1:colcon.colcon_core.package_identification:_identify(install) ignored
[0.241s] Level 1:colcon.colcon_core.package_identification:_identify(log) by extensions ['ignore', 'ignore_ament_install']
[0.241s] Level 1:colcon.colcon_core.package_identification:_identify(log) by extension 'ignore'
[0.241s] Level 1:colcon.colcon_core.package_identification:_identify(log) ignored
[0.241s] Level 1:colcon.colcon_core.package_identification:_identify(motor_driver) by extensions ['ignore', 'ignore_ament_install']
[0.241s] Level 1:colcon.colcon_core.package_identification:_identify(motor_driver) by extension 'ignore'
[0.241s] Level 1:colcon.colcon_core.package_identification:_identify(motor_driver) by extension 'ignore_ament_install'
[0.241s] Level 1:colcon.colcon_core.package_identification:_identify(motor_driver) by extensions ['colcon_pkg']
[0.241s] Level 1:colcon.colcon_core.package_identification:_identify(motor_driver) by extension 'colcon_pkg'
[0.241s] Level 1:colcon.colcon_core.package_identification:_identify(motor_driver) by extensions ['colcon_meta']
[0.241s] Level 1:colcon.colcon_core.package_identification:_identify(motor_driver) by extension 'colcon_meta'
[0.241s] Level 1:colcon.colcon_core.package_identification:_identify(motor_driver) by extensions ['ros']
[0.241s] Level 1:colcon.colcon_core.package_identification:_identify(motor_driver) by extension 'ros'
[0.244s] DEBUG:colcon.colcon_core.package_identification:Package 'motor_driver' with type 'ros.ament_python' and name 'motor_driver'
[0.245s] Level 1:colcon.colcon_core.package_identification:_identify(src) by extensions ['ignore', 'ignore_ament_install']
[0.245s] Level 1:colcon.colcon_core.package_identification:_identify(src) by extension 'ignore'
[0.245s] Level 1:colcon.colcon_core.package_identification:_identify(src) by extension 'ignore_ament_install'
[0.245s] Level 1:colcon.colcon_core.package_identification:_identify(src) by extensions ['colcon_pkg']
[0.245s] Level 1:colcon.colcon_core.package_identification:_identify(src) by extension 'colcon_pkg'
[0.245s] Level 1:colcon.colcon_core.package_identification:_identify(src) by extensions ['colcon_meta']
[0.245s] Level 1:colcon.colcon_core.package_identification:_identify(src) by extension 'colcon_meta'
[0.245s] Level 1:colcon.colcon_core.package_identification:_identify(src) by extensions ['ros']
[0.245s] Level 1:colcon.colcon_core.package_identification:_identify(src) by extension 'ros'
[0.245s] Level 1:colcon.colcon_core.package_identification:_identify(src) by extensions ['cmake', 'python']
[0.245s] Level 1:colcon.colcon_core.package_identification:_identify(src) by extension 'cmake'
[0.245s] Level 1:colcon.colcon_core.package_identification:_identify(src) by extension 'python'
[0.245s] Level 1:colcon.colcon_core.package_identification:_identify(src) by extensions ['python_setup_py']
[0.245s] Level 1:colcon.colcon_core.package_identification:_identify(src) by extension 'python_setup_py'
[0.245s] Level 1:colcon.colcon_core.package_identification:_identify(teleop_control) by extensions ['ignore', 'ignore_ament_install']
[0.245s] Level 1:colcon.colcon_core.package_identification:_identify(teleop_control) by extension 'ignore'
[0.245s] Level 1:colcon.colcon_core.package_identification:_identify(teleop_control) by extension 'ignore_ament_install'
[0.245s] Level 1:colcon.colcon_core.package_identification:_identify(teleop_control) by extensions ['colcon_pkg']
[0.245s] Level 1:colcon.colcon_core.package_identification:_identify(teleop_control) by extension 'colcon_pkg'
[0.245s] Level 1:colcon.colcon_core.package_identification:_identify(teleop_control) by extensions ['colcon_meta']
[0.245s] Level 1:colcon.colcon_core.package_identification:_identify(teleop_control) by extension 'colcon_meta'
[0.245s] Level 1:colcon.colcon_core.package_identification:_identify(teleop_control) by extensions ['ros']
[0.245s] Level 1:colcon.colcon_core.package_identification:_identify(teleop_control) by extension 'ros'
[0.246s] DEBUG:colcon.colcon_core.package_identification:Failed to parse potential ROS package manifest in'teleop_control': Error(s) in package 'teleop_control/package.xml':
The manifest contains invalid XML:
XML or text declaration not at start of entity: line 2, column 0
[0.246s] Level 1:colcon.colcon_core.package_identification:_identify(teleop_control) by extensions ['cmake', 'python']
[0.246s] Level 1:colcon.colcon_core.package_identification:_identify(teleop_control) by extension 'cmake'
[0.246s] Level 1:colcon.colcon_core.package_identification:_identify(teleop_control) by extension 'python'
[0.246s] DEBUG:colcon.colcon_core.package_identification:Python package in 'teleop_control' passes arguments to the setup() function which requires a different identification extension than 'python'
[0.246s] Level 1:colcon.colcon_core.package_identification:_identify(teleop_control) by extensions ['python_setup_py']
[0.246s] Level 1:colcon.colcon_core.package_identification:_identify(teleop_control) by extension 'python_setup_py'
[0.408s] DEBUG:colcon.colcon_core.package_identification:Package 'teleop_control' with type 'python' and name 'teleop_control'
[0.408s] Level 1:colcon.colcon_core.package_discovery:discover_packages(recursive) using defaults
[0.408s] Level 1:colcon.colcon_core.package_discovery:discover_packages(ignore) discover
[0.408s] Level 1:colcon.colcon_core.package_discovery:discover_packages(ignore) using defaults
[0.409s] Level 1:colcon.colcon_core.package_discovery:discover_packages(path) discover
[0.409s] Level 1:colcon.colcon_core.package_discovery:discover_packages(path) using defaults
[0.435s] Level 1:colcon.colcon_core.package_discovery:discover_packages(prefix_path) check parameters
[0.435s] Level 1:colcon.colcon_core.package_discovery:discover_packages(prefix_path) discover
[0.436s] DEBUG:colcon.colcon_installed_package_information.package_discovery:Found 6 installed packages in /home/gtpc1/alcsv_ws/install
[0.437s] DEBUG:colcon.colcon_installed_package_information.package_discovery:Found 333 installed packages in /opt/ros/humble
[0.438s] Level 1:colcon.colcon_core.package_discovery:discover_packages(prefix_path) using defaults
[0.489s] Level 5:colcon.colcon_core.verb:set package 'motor_driver' build argument 'cmake_args' from command line to 'None'
[0.489s] Level 5:colcon.colcon_core.verb:set package 'motor_driver' build argument 'cmake_target' from command line to 'None'
[0.489s] Level 5:colcon.colcon_core.verb:set package 'motor_driver' build argument 'cmake_target_skip_unavailable' from command line to 'False'
[0.489s] Level 5:colcon.colcon_core.verb:set package 'motor_driver' build argument 'cmake_clean_cache' from command line to 'False'
[0.489s] Level 5:colcon.colcon_core.verb:set package 'motor_driver' build argument 'cmake_clean_first' from command line to 'False'
[0.489s] Level 5:colcon.colcon_core.verb:set package 'motor_driver' build argument 'cmake_force_configure' from command line to 'False'
[0.489s] Level 5:colcon.colcon_core.verb:set package 'motor_driver' build argument 'ament_cmake_args' from command line to 'None'
[0.489s] Level 5:colcon.colcon_core.verb:set package 'motor_driver' build argument 'catkin_cmake_args' from command line to 'None'
[0.489s] Level 5:colcon.colcon_core.verb:set package 'motor_driver' build argument 'catkin_skip_building_tests' from command line to 'False'
[0.489s] DEBUG:colcon.colcon_core.verb:Building package 'motor_driver' with the following arguments: {'ament_cmake_args': None, 'build_base': '/home/gtpc1/asv_thruster_test/build/motor_driver', 'catkin_cmake_args': None, 'catkin_skip_building_tests': False, 'cmake_args': None, 'cmake_clean_cache': False, 'cmake_clean_first': False, 'cmake_force_configure': False, 'cmake_target': None, 'cmake_target_skip_unavailable': False, 'install_base': '/home/gtpc1/asv_thruster_test/install/motor_driver', 'merge_install': False, 'path': '/home/gtpc1/asv_thruster_test/motor_driver', 'symlink_install': False, 'test_result_base': None}
[0.489s] Level 5:colcon.colcon_core.verb:set package 'teleop_control' build argument 'cmake_args' from command line to 'None'
[0.489s] Level 5:colcon.colcon_core.verb:set package 'teleop_control' build argument 'cmake_target' from command line to 'None'
[0.489s] Level 5:colcon.colcon_core.verb:set package 'teleop_control' build argument 'cmake_target_skip_unavailable' from command line to 'False'
[0.489s] Level 5:colcon.colcon_core.verb:set package 'teleop_control' build argument 'cmake_clean_cache' from command line to 'False'
[0.489s] Level 5:colcon.colcon_core.verb:set package 'teleop_control' build argument 'cmake_clean_first' from command line to 'False'
[0.489s] Level 5:colcon.colcon_core.verb:set package 'teleop_control' build argument 'cmake_force_configure' from command line to 'False'
[0.489s] Level 5:colcon.colcon_core.verb:set package 'teleop_control' build argument 'ament_cmake_args' from command line to 'None'
[0.489s] Level 5:colcon.colcon_core.verb:set package 'teleop_control' build argument 'catkin_cmake_args' from command line to 'None'
[0.489s] Level 5:colcon.colcon_core.verb:set package 'teleop_control' build argument 'catkin_skip_building_tests' from command line to 'False'
[0.489s] DEBUG:colcon.colcon_core.verb:Building package 'teleop_control' with the following arguments: {'ament_cmake_args': None, 'build_base': '/home/gtpc1/asv_thruster_test/build/teleop_control', 'catkin_cmake_args': None, 'catkin_skip_building_tests': False, 'cmake_args': None, 'cmake_clean_cache': False, 'cmake_clean_first': False, 'cmake_force_configure': False, 'cmake_target': None, 'cmake_target_skip_unavailable': False, 'install_base': '/home/gtpc1/asv_thruster_test/install/teleop_control', 'merge_install': False, 'path': '/home/gtpc1/asv_thruster_test/teleop_control', 'symlink_install': False, 'test_result_base': None}
[0.489s] INFO:colcon.colcon_core.executor:Executing jobs using 'parallel' executor
[0.490s] DEBUG:colcon.colcon_parallel_executor.executor.parallel:run_until_complete
[0.490s] INFO:colcon.colcon_ros.task.ament_python.build:Building ROS package in '/home/gtpc1/asv_thruster_test/motor_driver' with build type 'ament_python'
[0.490s] Level 1:colcon.colcon_core.shell:create_environment_hook('motor_driver', 'ament_prefix_path')
[0.492s] INFO:colcon.colcon_core.plugin_system:Skipping extension 'colcon_core.shell.bat': Not used on non-Windows systems
[0.492s] INFO:colcon.colcon_core.shell:Creating environment hook '/home/gtpc1/asv_thruster_test/install/motor_driver/share/motor_driver/hook/ament_prefix_path.ps1'
[0.493s] INFO:colcon.colcon_core.shell:Creating environment descriptor '/home/gtpc1/asv_thruster_test/install/motor_driver/share/motor_driver/hook/ament_prefix_path.dsv'
[0.493s] INFO:colcon.colcon_core.shell:Creating environment hook '/home/gtpc1/asv_thruster_test/install/motor_driver/share/motor_driver/hook/ament_prefix_path.sh'
[0.494s] INFO:colcon.colcon_core.shell:Skip shell extension 'powershell' for command environment: Not usable outside of PowerShell
[0.494s] DEBUG:colcon.colcon_core.shell:Skip shell extension 'dsv' for command environment
[0.496s] INFO:colcon.colcon_core.task.python.build:Building Python package in '/home/gtpc1/asv_thruster_test/teleop_control'
[0.496s] INFO:colcon.colcon_core.shell:Skip shell extension 'powershell' for command environment: Not usable outside of PowerShell
[0.496s] DEBUG:colcon.colcon_core.shell:Skip shell extension 'dsv' for command environment
[0.662s] INFO:colcon.colcon_core.task.python.build:Building Python package in '/home/gtpc1/asv_thruster_test/motor_driver'
[0.662s] INFO:colcon.colcon_core.shell:Skip shell extension 'powershell' for command environment: Not usable outside of PowerShell
[0.662s] DEBUG:colcon.colcon_core.shell:Skip shell extension 'dsv' for command environment
[1.124s] DEBUG:colcon.colcon_core.event_handler.log_command:Invoking command in '/home/gtpc1/asv_thruster_test/motor_driver': PYTHONPATH=/home/gtpc1/asv_thruster_test/build/motor_driver/prefix_override:/usr/lib/python3/dist-packages/colcon_core/task/python/colcon_distutils_commands:/home/gtpc1/asv_thruster_test/install/motor_driver/lib/python3.10/site-packages:${PYTHONPATH} /usr/bin/python3 -W ignore:setup.py install is deprecated -W ignore:easy_install command is deprecated setup.py egg_info --egg-base ../build/motor_driver build --build-base /home/gtpc1/asv_thruster_test/build/motor_driver/build install --record /home/gtpc1/asv_thruster_test/build/motor_driver/install.log --single-version-externally-managed install_data
[1.127s] DEBUG:colcon.colcon_core.event_handler.log_command:Invoking command in '/home/gtpc1/asv_thruster_test/teleop_control': PYTHONPATH=/home/gtpc1/asv_thruster_test/build/teleop_control/prefix_override:/usr/lib/python3/dist-packages/colcon_core/task/python/colcon_distutils_commands:/home/gtpc1/asv_thruster_test/install/teleop_control/lib/python3.10/site-packages:${PYTHONPATH} /usr/bin/python3 -W ignore:setup.py install is deprecated -W ignore:easy_install command is deprecated setup.py egg_info --egg-base ../build/teleop_control build --build-base /home/gtpc1/asv_thruster_test/build/teleop_control/build install --record /home/gtpc1/asv_thruster_test/build/teleop_control/install.log --single-version-externally-managed install_data
[1.312s] DEBUG:colcon.colcon_core.event_handler.log_command:Invoked command in '/home/gtpc1/asv_thruster_test/motor_driver' returned '0': PYTHONPATH=/home/gtpc1/asv_thruster_test/build/motor_driver/prefix_override:/usr/lib/python3/dist-packages/colcon_core/task/python/colcon_distutils_commands:/home/gtpc1/asv_thruster_test/install/motor_driver/lib/python3.10/site-packages:${PYTHONPATH} /usr/bin/python3 -W ignore:setup.py install is deprecated -W ignore:easy_install command is deprecated setup.py egg_info --egg-base ../build/motor_driver build --build-base /home/gtpc1/asv_thruster_test/build/motor_driver/build install --record /home/gtpc1/asv_thruster_test/build/motor_driver/install.log --single-version-externally-managed install_data
[1.315s] Level 1:colcon.colcon_core.environment:checking '/home/gtpc1/asv_thruster_test/install/motor_driver' for CMake module files
[1.316s] Level 1:colcon.colcon_core.environment:checking '/home/gtpc1/asv_thruster_test/install/motor_driver' for CMake config files
[1.316s] Level 1:colcon.colcon_core.environment:checking '/home/gtpc1/asv_thruster_test/install/motor_driver/lib'
[1.316s] Level 1:colcon.colcon_core.environment:checking '/home/gtpc1/asv_thruster_test/install/motor_driver/bin'
[1.317s] Level 1:colcon.colcon_core.environment:checking '/home/gtpc1/asv_thruster_test/install/motor_driver/lib/pkgconfig/motor_driver.pc'
[1.317s] Level 1:colcon.colcon_core.environment:checking '/home/gtpc1/asv_thruster_test/install/motor_driver/lib/python3.10/site-packages'
[1.317s] Level 1:colcon.colcon_core.shell:create_environment_hook('motor_driver', 'pythonpath')
[1.317s] INFO:colcon.colcon_core.shell:Creating environment hook '/home/gtpc1/asv_thruster_test/install/motor_driver/share/motor_driver/hook/pythonpath.ps1'
[1.318s] INFO:colcon.colcon_core.shell:Creating environment descriptor '/home/gtpc1/asv_thruster_test/install/motor_driver/share/motor_driver/hook/pythonpath.dsv'
[1.318s] INFO:colcon.colcon_core.shell:Creating environment hook '/home/gtpc1/asv_thruster_test/install/motor_driver/share/motor_driver/hook/pythonpath.sh'
[1.319s] Level 1:colcon.colcon_core.environment:checking '/home/gtpc1/asv_thruster_test/install/motor_driver/bin'
[1.319s] Level 1:colcon.colcon_core.environment:create_environment_scripts_only(motor_driver)
[1.319s] INFO:colcon.colcon_core.shell:Creating package script '/home/gtpc1/asv_thruster_test/install/motor_driver/share/motor_driver/package.ps1'
[1.320s] INFO:colcon.colcon_core.shell:Creating package descriptor '/home/gtpc1/asv_thruster_test/install/motor_driver/share/motor_driver/package.dsv'
[1.321s] INFO:colcon.colcon_core.shell:Creating package script '/home/gtpc1/asv_thruster_test/install/motor_driver/share/motor_driver/package.sh'
[1.321s] INFO:colcon.colcon_core.shell:Creating package script '/home/gtpc1/asv_thruster_test/install/motor_driver/share/motor_driver/package.bash'
[1.322s] INFO:colcon.colcon_core.shell:Creating package script '/home/gtpc1/asv_thruster_test/install/motor_driver/share/motor_driver/package.zsh'
[1.323s] Level 1:colcon.colcon_core.environment:create_file_with_runtime_dependencies(/home/gtpc1/asv_thruster_test/install/motor_driver/share/colcon-core/packages/motor_driver)
[1.324s] Level 1:colcon.colcon_core.environment:checking '/home/gtpc1/asv_thruster_test/install/teleop_control' for CMake module files
[1.325s] DEBUG:colcon.colcon_core.event_handler.log_command:Invoked command in '/home/gtpc1/asv_thruster_test/teleop_control' returned '0': PYTHONPATH=/home/gtpc1/asv_thruster_test/build/teleop_control/prefix_override:/usr/lib/python3/dist-packages/colcon_core/task/python/colcon_distutils_commands:/home/gtpc1/asv_thruster_test/install/teleop_control/lib/python3.10/site-packages:${PYTHONPATH} /usr/bin/python3 -W ignore:setup.py install is deprecated -W ignore:easy_install command is deprecated setup.py egg_info --egg-base ../build/teleop_control build --build-base /home/gtpc1/asv_thruster_test/build/teleop_control/build install --record /home/gtpc1/asv_thruster_test/build/teleop_control/install.log --single-version-externally-managed install_data
[1.325s] Level 1:colcon.colcon_core.environment:checking '/home/gtpc1/asv_thruster_test/install/teleop_control' for CMake config files
[1.325s] Level 1:colcon.colcon_core.environment:checking '/home/gtpc1/asv_thruster_test/install/teleop_control/lib'
[1.325s] Level 1:colcon.colcon_core.environment:checking '/home/gtpc1/asv_thruster_test/install/teleop_control/bin'
[1.325s] Level 1:colcon.colcon_core.environment:checking '/home/gtpc1/asv_thruster_test/install/teleop_control/lib/pkgconfig/teleop_control.pc'
[1.325s] Level 1:colcon.colcon_core.environment:checking '/home/gtpc1/asv_thruster_test/install/teleop_control/lib/python3.10/site-packages'
[1.325s] Level 1:colcon.colcon_core.shell:create_environment_hook('teleop_control', 'pythonpath')
[1.326s] INFO:colcon.colcon_core.shell:Creating environment hook '/home/gtpc1/asv_thruster_test/install/teleop_control/share/teleop_control/hook/pythonpath.ps1'
[1.326s] INFO:colcon.colcon_core.shell:Creating environment descriptor '/home/gtpc1/asv_thruster_test/install/teleop_control/share/teleop_control/hook/pythonpath.dsv'
[1.326s] INFO:colcon.colcon_core.shell:Creating environment hook '/home/gtpc1/asv_thruster_test/install/teleop_control/share/teleop_control/hook/pythonpath.sh'
[1.326s] Level 1:colcon.colcon_core.environment:checking '/home/gtpc1/asv_thruster_test/install/teleop_control/bin'
[1.326s] Level 1:colcon.colcon_core.environment:create_environment_scripts_only(teleop_control)
[1.326s] INFO:colcon.colcon_core.shell:Creating package script '/home/gtpc1/asv_thruster_test/install/teleop_control/share/teleop_control/package.ps1'
[1.327s] INFO:colcon.colcon_core.shell:Creating package descriptor '/home/gtpc1/asv_thruster_test/install/teleop_control/share/teleop_control/package.dsv'
[1.327s] INFO:colcon.colcon_core.shell:Creating package script '/home/gtpc1/asv_thruster_test/install/teleop_control/share/teleop_control/package.sh'
[1.327s] INFO:colcon.colcon_core.shell:Creating package script '/home/gtpc1/asv_thruster_test/install/teleop_control/share/teleop_control/package.bash'
[1.327s] INFO:colcon.colcon_core.shell:Creating package script '/home/gtpc1/asv_thruster_test/install/teleop_control/share/teleop_control/package.zsh'
[1.327s] Level 1:colcon.colcon_core.environment:create_file_with_runtime_dependencies(/home/gtpc1/asv_thruster_test/install/teleop_control/share/colcon-core/packages/teleop_control)
[1.327s] DEBUG:colcon.colcon_parallel_executor.executor.parallel:closing loop
[1.328s] DEBUG:colcon.colcon_parallel_executor.executor.parallel:loop closed
[1.328s] DEBUG:colcon.colcon_parallel_executor.executor.parallel:run_until_complete finished with '0'
[1.328s] DEBUG:colcon.colcon_core.event_reactor:joining thread
[1.333s] INFO:colcon.colcon_core.plugin_system:Skipping extension 'colcon_notification.desktop_notification.terminal_notifier': Not used on non-Darwin systems
[1.333s] INFO:colcon.colcon_core.plugin_system:Skipping extension 'colcon_notification.desktop_notification.win32': Not used on non-Windows systems
[1.333s] INFO:colcon.colcon_notification.desktop_notification:Sending desktop notification using 'notify2'
[1.349s] DEBUG:colcon.colcon_core.event_reactor:joined thread
[1.350s] INFO:colcon.colcon_core.shell:Creating prefix script '/home/gtpc1/asv_thruster_test/install/local_setup.ps1'
[1.351s] INFO:colcon.colcon_core.shell:Creating prefix util module '/home/gtpc1/asv_thruster_test/install/_local_setup_util_ps1.py'
[1.352s] INFO:colcon.colcon_core.shell:Creating prefix chain script '/home/gtpc1/asv_thruster_test/install/setup.ps1'
[1.353s] INFO:colcon.colcon_core.shell:Creating prefix script '/home/gtpc1/asv_thruster_test/install/local_setup.sh'
[1.353s] INFO:colcon.colcon_core.shell:Creating prefix util module '/home/gtpc1/asv_thruster_test/install/_local_setup_util_sh.py'
[1.353s] INFO:colcon.colcon_core.shell:Creating prefix chain script '/home/gtpc1/asv_thruster_test/install/setup.sh'
[1.354s] INFO:colcon.colcon_core.shell:Creating prefix script '/home/gtpc1/asv_thruster_test/install/local_setup.bash'
[1.354s] INFO:colcon.colcon_core.shell:Creating prefix chain script '/home/gtpc1/asv_thruster_test/install/setup.bash'
[1.355s] INFO:colcon.colcon_core.shell:Creating prefix script '/home/gtpc1/asv_thruster_test/install/local_setup.zsh'
[1.356s] INFO:colcon.colcon_core.shell:Creating prefix chain script '/home/gtpc1/asv_thruster_test/install/setup.zsh'
