running egg_info
creating ../build/teleop_control/teleop_control.egg-info
writing ../build/teleop_control/teleop_control.egg-info/PKG-INFO
writing dependency_links to ../build/teleop_control/teleop_control.egg-info/dependency_links.txt
writing entry points to ../build/teleop_control/teleop_control.egg-info/entry_points.txt
writing requirements to ../build/teleop_control/teleop_control.egg-info/requires.txt
writing top-level names to ../build/teleop_control/teleop_control.egg-info/top_level.txt
writing manifest file '../build/teleop_control/teleop_control.egg-info/SOURCES.txt'
reading manifest file '../build/teleop_control/teleop_control.egg-info/SOURCES.txt'
writing manifest file '../build/teleop_control/teleop_control.egg-info/SOURCES.txt'
running build
running build_py
creating /home/gtpc1/asv_thruster_test/build/teleop_control/build
creating /home/gtpc1/asv_thruster_test/build/teleop_control/build/lib
creating /home/gtpc1/asv_thruster_test/build/teleop_control/build/lib/teleop_control
copying teleop_control/__init__.py -> /home/gtpc1/asv_thruster_test/build/teleop_control/build/lib/teleop_control
running install
running install_lib
creating /home/gtpc1/asv_thruster_test/install/teleop_control/lib/python3.10/site-packages/teleop_control
copying /home/gtpc1/asv_thruster_test/build/teleop_control/build/lib/teleop_control/__init__.py -> /home/gtpc1/asv_thruster_test/install/teleop_control/lib/python3.10/site-packages/teleop_control
byte-compiling /home/gtpc1/asv_thruster_test/install/teleop_control/lib/python3.10/site-packages/teleop_control/__init__.py to __init__.cpython-310.pyc
running install_data
creating /home/gtpc1/asv_thruster_test/install/teleop_control/share
creating /home/gtpc1/asv_thruster_test/install/teleop_control/share/ament_index
creating /home/gtpc1/asv_thruster_test/install/teleop_control/share/ament_index/resource_index
creating /home/gtpc1/asv_thruster_test/install/teleop_control/share/ament_index/resource_index/packages
copying resource/teleop_control -> /home/gtpc1/asv_thruster_test/install/teleop_control/share/ament_index/resource_index/packages
creating /home/gtpc1/asv_thruster_test/install/teleop_control/share/teleop_control
copying package.xml -> /home/gtpc1/asv_thruster_test/install/teleop_control/share/teleop_control
running install_egg_info
Copying ../build/teleop_control/teleop_control.egg-info to /home/gtpc1/asv_thruster_test/install/teleop_control/lib/python3.10/site-packages/teleop_control-0.0.0-py3.10.egg-info
running install_scripts
writing list of installed files to '/home/gtpc1/asv_thruster_test/build/teleop_control/install.log'
