[0.631s] Invoking command in '/home/gtpc1/asv_thruster_test/teleop_control': PYTHONPATH=/home/gtpc1/asv_thruster_test/build/teleop_control/prefix_override:/usr/lib/python3/dist-packages/colcon_core/task/python/colcon_distutils_commands:/home/gtpc1/asv_thruster_test/install/teleop_control/lib/python3.10/site-packages:${PYTHONPATH} /usr/bin/python3 -W ignore:setup.py install is deprecated -W ignore:easy_install command is deprecated setup.py egg_info --egg-base ../build/teleop_control build --build-base /home/gtpc1/asv_thruster_test/build/teleop_control/build install --record /home/gtpc1/asv_thruster_test/build/teleop_control/install.log --single-version-externally-managed install_data
[0.780s] running egg_info
[0.780s] creating ../build/teleop_control/teleop_control.egg-info
[0.781s] writing ../build/teleop_control/teleop_control.egg-info/PKG-INFO
[0.781s] writing dependency_links to ../build/teleop_control/teleop_control.egg-info/dependency_links.txt
[0.781s] writing entry points to ../build/teleop_control/teleop_control.egg-info/entry_points.txt
[0.781s] writing requirements to ../build/teleop_control/teleop_control.egg-info/requires.txt
[0.781s] writing top-level names to ../build/teleop_control/teleop_control.egg-info/top_level.txt
[0.781s] writing manifest file '../build/teleop_control/teleop_control.egg-info/SOURCES.txt'
[0.781s] reading manifest file '../build/teleop_control/teleop_control.egg-info/SOURCES.txt'
[0.782s] writing manifest file '../build/teleop_control/teleop_control.egg-info/SOURCES.txt'
[0.782s] running build
[0.782s] running build_py
[0.782s] creating /home/gtpc1/asv_thruster_test/build/teleop_control/build
[0.782s] creating /home/gtpc1/asv_thruster_test/build/teleop_control/build/lib
[0.782s] creating /home/gtpc1/asv_thruster_test/build/teleop_control/build/lib/teleop_control
[0.782s] copying teleop_control/__init__.py -> /home/gtpc1/asv_thruster_test/build/teleop_control/build/lib/teleop_control
[0.782s] running install
[0.782s] running install_lib
[0.783s] creating /home/gtpc1/asv_thruster_test/install/teleop_control/lib/python3.10/site-packages/teleop_control
[0.783s] copying /home/gtpc1/asv_thruster_test/build/teleop_control/build/lib/teleop_control/__init__.py -> /home/gtpc1/asv_thruster_test/install/teleop_control/lib/python3.10/site-packages/teleop_control
[0.783s] byte-compiling /home/gtpc1/asv_thruster_test/install/teleop_control/lib/python3.10/site-packages/teleop_control/__init__.py to __init__.cpython-310.pyc
[0.783s] running install_data
[0.783s] creating /home/gtpc1/asv_thruster_test/install/teleop_control/share
[0.783s] creating /home/gtpc1/asv_thruster_test/install/teleop_control/share/ament_index
[0.783s] creating /home/gtpc1/asv_thruster_test/install/teleop_control/share/ament_index/resource_index
[0.783s] creating /home/gtpc1/asv_thruster_test/install/teleop_control/share/ament_index/resource_index/packages
[0.783s] copying resource/teleop_control -> /home/gtpc1/asv_thruster_test/install/teleop_control/share/ament_index/resource_index/packages
[0.783s] creating /home/gtpc1/asv_thruster_test/install/teleop_control/share/teleop_control
[0.784s] copying package.xml -> /home/gtpc1/asv_thruster_test/install/teleop_control/share/teleop_control
[0.784s] running install_egg_info
[0.784s] Copying ../build/teleop_control/teleop_control.egg-info to /home/gtpc1/asv_thruster_test/install/teleop_control/lib/python3.10/site-packages/teleop_control-0.0.0-py3.10.egg-info
[0.785s] running install_scripts
[0.799s] writing list of installed files to '/home/gtpc1/asv_thruster_test/build/teleop_control/install.log'
[0.828s] Invoked command in '/home/gtpc1/asv_thruster_test/teleop_control' returned '0': PYTHONPATH=/home/gtpc1/asv_thruster_test/build/teleop_control/prefix_override:/usr/lib/python3/dist-packages/colcon_core/task/python/colcon_distutils_commands:/home/gtpc1/asv_thruster_test/install/teleop_control/lib/python3.10/site-packages:${PYTHONPATH} /usr/bin/python3 -W ignore:setup.py install is deprecated -W ignore:easy_install command is deprecated setup.py egg_info --egg-base ../build/teleop_control build --build-base /home/gtpc1/asv_thruster_test/build/teleop_control/build install --record /home/gtpc1/asv_thruster_test/build/teleop_control/install.log --single-version-externally-managed install_data
